[2016-11-01 16:32:59.871] [ERROR] console - Error: ENOENT: no such file or directory, open 'C:\Users\Liuwei\Desktop\脚手架\shanxi\app\server\views\includes\sideBar-player.html'
    at Error (native)
    at Object.fs.openSync (fs.js:549:18)
    at Object.fs.readFileSync (fs.js:397:15)
    at includeSource (C:\Users\Liuwei\Desktop\脚手架\shanxi\node_modules\ejs\lib\ejs.js:210:17)
    at C:\Users\Liuwei\Desktop\脚手架\shanxi\node_modules\ejs\lib\ejs.js:573:26
    at Array.forEach (native)
    at Object.Template.generateSource (C:\Users\Liuwei\Desktop\脚手架\shanxi\node_modules\ejs\lib\ejs.js:549:15)
    at Object.Template.compile (C:\Users\Liuwei\Desktop\脚手架\shanxi\node_modules\ejs\lib\ejs.js:454:12)
    at Object.compile (C:\Users\Liuwei\Desktop\脚手架\shanxi\node_modules\ejs\lib\ejs.js:306:16)
    at handleCache (C:\Users\Liuwei\Desktop\脚手架\shanxi\node_modules\ejs\lib\ejs.js:169:18)
[2016-11-01 16:33:34.010] [ERROR] console - Error: ENOENT: no such file or directory, open 'C:\Users\Liuwei\Desktop\脚手架\shanxi\app\server\views\includes\sideBar-player.html'
    at Error (native)
    at Object.fs.openSync (fs.js:549:18)
    at Object.fs.readFileSync (fs.js:397:15)
    at includeSource (C:\Users\Liuwei\Desktop\脚手架\shanxi\node_modules\ejs\lib\ejs.js:210:17)
    at C:\Users\Liuwei\Desktop\脚手架\shanxi\node_modules\ejs\lib\ejs.js:573:26
    at Array.forEach (native)
    at Object.Template.generateSource (C:\Users\Liuwei\Desktop\脚手架\shanxi\node_modules\ejs\lib\ejs.js:549:15)
    at Object.Template.compile (C:\Users\Liuwei\Desktop\脚手架\shanxi\node_modules\ejs\lib\ejs.js:454:12)
    at Object.compile (C:\Users\Liuwei\Desktop\脚手架\shanxi\node_modules\ejs\lib\ejs.js:306:16)
    at handleCache (C:\Users\Liuwei\Desktop\脚手架\shanxi\node_modules\ejs\lib\ejs.js:169:18)
